{
  "stats": {
    "suites": 1,
    "tests": 1,
    "passes": 1,
    "pending": 0,
    "failures": 0,
    "start": "2025-12-25T15:18:59.723Z",
    "end": "2025-12-25T15:19:02.151Z",
    "duration": 2428,
    "testsRegistered": 1,
    "passPercent": 100,
    "pendingPercent": 0,
    "other": 0,
    "hasOther": false,
    "skipped": 0,
    "hasSkipped": false
  },
  "results": [
    {
      "uuid": "4db802ff-be33-4934-b1ef-ff73c3a683c8",
      "title": "",
      "fullFile": "D:\\Bootcamp QA\\sesi 09\\sesi-9\\tests\\sesi-9\\test_coba.js",
      "file": "\\tests\\sesi-9\\test_coba.js",
      "beforeHooks": [],
      "afterHooks": [],
      "tests": [],
      "suites": [
        {
          "uuid": "97f53fb8-cf1b-42f3-9bd9-2907768055c2",
          "title": "SauceDemo - Sort Z ke A (Minimal)",
          "fullFile": "D:\\Bootcamp QA\\sesi 09\\sesi-9\\tests\\sesi-9\\test_coba.js",
          "file": "\\tests\\sesi-9\\test_coba.js",
          "beforeHooks": [
            {
              "title": "\"before all\" hook in \"SauceDemo - Sort Z ke A (Minimal)\"",
              "fullTitle": "SauceDemo - Sort Z ke A (Minimal) \"before all\" hook in \"SauceDemo - Sort Z ke A (Minimal)\"",
              "timedOut": false,
              "duration": 1316,
              "state": null,
              "speed": null,
              "pass": false,
              "fail": false,
              "pending": false,
              "context": null,
              "code": "const options = new chrome.Options();\noptions.addArguments('--start-maximized');\ndriver = await new Builder()\n    .forBrowser('chrome')\n    .setChromeOptions(options)\n    .build();",
              "err": {},
              "uuid": "0810a61e-5124-4587-9f57-ccb52e1214c7",
              "parentUUID": "97f53fb8-cf1b-42f3-9bd9-2907768055c2",
              "isHook": true,
              "skipped": false
            }
          ],
          "afterHooks": [],
          "tests": [
            {
              "title": "Login dan sort produk Z ke A",
              "fullTitle": "SauceDemo - Sort Z ke A (Minimal) Login dan sort produk Z ke A",
              "timedOut": false,
              "duration": 1091,
              "state": "passed",
              "speed": "slow",
              "pass": true,
              "fail": false,
              "pending": false,
              "context": null,
              "code": "await driver.get('https://www.saucedemo.com');\n// Login\nawait driver.findElement(By.css('[data-test=\"username\"]'))\n    .sendKeys('standard_user');\nawait driver.findElement(By.css('[data-test=\"password\"]'))\n    .sendKeys('secret_sauce');\nawait driver.findElement(By.css('[data-test=\"login-button\"]'))\n    .click();\n// Sort Z-A (PASTI STABIL)\nconst dropdown = await driver.findElement(\n    By.className('product_sort_container')\n);\nconst select = new Select(dropdown);\nawait select.selectByValue('za');\n// Ambil semua nama produk\nconst items = await driver.findElements(\n    By.className('inventory_item_name')\n);\nconst names = [];\nfor (let item of items) {\n    names.push(await item.getText());\n}\n// Validasi Z-A\nconst sortedDesc = [...names].sort((a, b) => b.localeCompare(a));\nassert.deepStrictEqual(names, sortedDesc);",
              "err": {},
              "uuid": "a3303cee-823b-40fa-a75a-309f0f3b9801",
              "parentUUID": "97f53fb8-cf1b-42f3-9bd9-2907768055c2",
              "isHook": false,
              "skipped": false
            }
          ],
          "suites": [],
          "passes": [
            "a3303cee-823b-40fa-a75a-309f0f3b9801"
          ],
          "failures": [],
          "pending": [],
          "skipped": [],
          "duration": 1091,
          "root": false,
          "rootEmpty": false,
          "_timeout": 60000
        }
      ],
      "passes": [],
      "failures": [],
      "pending": [],
      "skipped": [],
      "duration": 0,
      "root": true,
      "rootEmpty": true,
      "_timeout": 60000
    }
  ],
  "meta": {
    "mocha": {
      "version": "10.8.2"
    },
    "mochawesome": {
      "options": {
        "quiet": false,
        "reportFilename": "mochawesome",
        "saveHtml": true,
        "saveJson": true,
        "consoleReporter": "spec",
        "useInlineDiffs": false,
        "code": true
      },
      "version": "7.1.3"
    },
    "marge": {
      "options": null,
      "version": "6.2.0"
    }
  }
}